Using pre-set license
Built from '2020.3/staging' branch; Version is '2020.3.24f1 (79c78de19888) revision 7980941'; Using compiler version '192528614'; Build Type 'Release'
OS: 'Windows 10  (10.0.19042) 64bit Professional' Language: 'en' Physical Memory: 8122 MB
BatchMode: 1, IsHumanControllingUs: 0, StartBugReporterOnCrash: 0, Is64bit: 1, IsPro: 0

COMMAND LINE ARGUMENTS:
C:\Program Files\Unity\Hub\Editor\2020.3.24f1\Editor\Unity.exe
-adb2
-batchMode
-noUpm
-name
AssetImportWorker0
-projectPath
C:/Users/ayoub/Documents/GitHub/simulation3d/SimpactSimulation
-logFile
Logs/AssetImportWorker0.log
-srvPort
62381
Successfully changed project path to: C:/Users/ayoub/Documents/GitHub/simulation3d/SimpactSimulation
C:/Users/ayoub/Documents/GitHub/simulation3d/SimpactSimulation
Using Asset Import Pipeline V2.
Refreshing native plugins compatible for Editor in 72.30 ms, found 2 plugins.
Preloading 0 native plugins for Editor in 0.00 ms.
Initialize engine version: 2020.3.24f1 (79c78de19888)
[Subsystems] Discovering subsystems at path C:/Program Files/Unity/Hub/Editor/2020.3.24f1/Editor/Data/Resources/UnitySubsystems
[Subsystems] Discovering subsystems at path C:/Users/ayoub/Documents/GitHub/simulation3d/SimpactSimulation/Assets
GfxDevice: creating device client; threaded=0
Direct3D:
    Version:  Direct3D 11.0 [level 11.1]
    Renderer: Intel(R) HD Graphics 620 (ID=0x5916)
    Vendor:   
    VRAM:     4061 MB
    Driver:   27.20.100.9416
Initialize mono
Mono path[0] = 'C:/Program Files/Unity/Hub/Editor/2020.3.24f1/Editor/Data/Managed'
Mono path[1] = 'C:/Program Files/Unity/Hub/Editor/2020.3.24f1/Editor/Data/MonoBleedingEdge/lib/mono/unityjit'
Mono config path = 'C:/Program Files/Unity/Hub/Editor/2020.3.24f1/Editor/Data/MonoBleedingEdge/etc'
Using monoOptions --debugger-agent=transport=dt_socket,embedding=1,server=y,suspend=n,address=127.0.0.1:56436
Begin MonoManager ReloadAssembly
Registering precompiled unity dll's ...
Register platform support module: C:/Program Files/Unity/Hub/Editor/2020.3.24f1/Editor/Data/PlaybackEngines/WebGLSupport/UnityEditor.WebGL.Extensions.dll
Register platform support module: C:/Program Files/Unity/Hub/Editor/2020.3.24f1/Editor/Data/PlaybackEngines/WindowsStandaloneSupport/UnityEditor.WindowsStandalone.Extensions.dll
Registered in 0.003651 seconds.
Native extension for WindowsStandalone target not found
Native extension for WebGL target not found
Refreshing native plugins compatible for Editor in 73.11 ms, found 2 plugins.
Preloading 0 native plugins for Editor in 0.00 ms.
Mono: successfully reloaded assembly
- Completed reload, in  0.940 seconds
Domain Reload Profiling:
	ReloadAssembly (941ms)
		BeginReloadAssembly (89ms)
			ExecutionOrderSort (0ms)
			DisableScriptedObjects (0ms)
			BackupInstance (0ms)
			ReleaseScriptingObjects (0ms)
			CreateAndSetChildDomain (1ms)
		EndReloadAssembly (743ms)
			LoadAssemblies (85ms)
			RebuildTransferFunctionScriptingTraits (0ms)
			SetupTypeCache (215ms)
			ReleaseScriptCaches (0ms)
			RebuildScriptCaches (49ms)
			SetupLoadedEditorAssemblies (325ms)
				LogAssemblyErrors (0ms)
				InitializePlatformSupportModulesInManaged (8ms)
				SetLoadedEditorAssemblies (0ms)
				RefreshPlugins (73ms)
				BeforeProcessingInitializeOnLoad (23ms)
				ProcessInitializeOnLoadAttributes (135ms)
				ProcessInitializeOnLoadMethodAttributes (85ms)
				AfterProcessingInitializeOnLoad (0ms)
				EditorAssembliesLoaded (0ms)
			ExecutionOrderSort2 (0ms)
			AwakeInstancesAfterBackupRestoration (0ms)
Platform modules already initialized, skipping
Registering precompiled user dll's ...
Registered in 0.006698 seconds.
Begin MonoManager ReloadAssembly
Native extension for WindowsStandalone target not found
Native extension for WebGL target not found
Refreshing native plugins compatible for Editor in 0.62 ms, found 2 plugins.
Preloading 0 native plugins for Editor in 0.00 ms.
Mono: successfully reloaded assembly
- Completed reload, in  3.137 seconds
Domain Reload Profiling:
	ReloadAssembly (3139ms)
		BeginReloadAssembly (200ms)
			ExecutionOrderSort (0ms)
			DisableScriptedObjects (7ms)
			BackupInstance (0ms)
			ReleaseScriptingObjects (0ms)
			CreateAndSetChildDomain (26ms)
		EndReloadAssembly (2853ms)
			LoadAssemblies (141ms)
			RebuildTransferFunctionScriptingTraits (0ms)
			SetupTypeCache (621ms)
			ReleaseScriptCaches (1ms)
			RebuildScriptCaches (214ms)
			SetupLoadedEditorAssemblies (1684ms)
				LogAssemblyErrors (0ms)
				InitializePlatformSupportModulesInManaged (8ms)
				SetLoadedEditorAssemblies (1ms)
				RefreshPlugins (1ms)
				BeforeProcessingInitializeOnLoad (165ms)
				ProcessInitializeOnLoadAttributes (1488ms)
				ProcessInitializeOnLoadMethodAttributes (12ms)
				AfterProcessingInitializeOnLoad (9ms)
				EditorAssembliesLoaded (0ms)
			ExecutionOrderSort2 (0ms)
			AwakeInstancesAfterBackupRestoration (10ms)
Platform modules already initialized, skipping
========================================================================
Worker process is ready to serve import requests
Launched and connected shader compiler UnityShaderCompiler.exe after 0.13 seconds
Refreshing native plugins compatible for Editor in 1.15 ms, found 2 plugins.
Preloading 0 native plugins for Editor in 0.00 ms.
Unloading 2564 Unused Serialized files (Serialized files now loaded: 0)
System memory in use before: 124.9 MB.
System memory in use after: 123.4 MB.

Unloading 149 unused Assets to reduce memory usage. Loaded Objects now: 2990.
Total: 10.863100 ms (FindLiveObjects: 0.711000 ms CreateObjectMapping: 0.364900 ms MarkObjects: 7.480400 ms  DeleteObjects: 2.303300 ms)

AssetImportParameters requested are different than current active one (requested -> active):
  custom:framework-win-MediaFoundation: 216162199b28c13a410421893ffa2e32 -> 
  custom:video-decoder-ogg-theora: a1e56fd34408186e4bbccfd4996cb3dc -> 
  custom:container-muxer-webm: aa71ff27fc2769a1b78a27578f13a17b -> 
  custom:container-demuxer-webm: 4f35f7cbe854078d1ac9338744f61a02 -> 
  custom:container-demuxer-ogg: 62fdf1f143b41e24485cea50d1cbac27 -> 
  custom:video-encoder-webm-vp8: eb34c28f22e8b96e1ab97ce403110664 -> 
  custom:video-decoder-webm-vp8: 9c59270c3fd7afecdb556c50c9e8de78 -> 
  custom:audio-decoder-ogg-vorbis: bf7c407c2cedff20999df2af8eb42d56 -> 
  custom:audio-encoder-webm-vorbis: bf7c407c2cedff20999df2af8eb42d56 -> 
========================================================================
Received Import Request.
  path: Assets/Timelines/Timeline_talkTimeline.playable
  artifactKey: Guid(6bd2f03affb3aa64f936a547e8b85371) Importer(815301076,1909f56bfc062723c751e8b465ee728b)
Start importing Assets/Timelines/Timeline_talkTimeline.playable using Guid(6bd2f03affb3aa64f936a547e8b85371) Importer(815301076,1909f56bfc062723c751e8b465ee728b)  -> (artifact id: 'c6a9fc27a020a02009f4d96b293d4556') in 0.087758 seconds 
  Import took 0.099318 seconds .

========================================================================
Received Import Request.
  Time since last request: 0.000403 seconds.
  path: Assets/Timelines/DocCamTimeLine.playable
  artifactKey: Guid(ae6104832b972ab4897efac3c3b25b25) Importer(815301076,1909f56bfc062723c751e8b465ee728b)
Start importing Assets/Timelines/DocCamTimeLine.playable using Guid(ae6104832b972ab4897efac3c3b25b25) Importer(815301076,1909f56bfc062723c751e8b465ee728b)  -> (artifact id: '3e336b01a2b544fda4bedb096baf85da') in 0.063422 seconds 
  Import took 0.080966 seconds .

========================================================================
Received Import Request.
  Time since last request: 0.000336 seconds.
  path: Assets/Timelines/ClientTalkTimeline.playable
  artifactKey: Guid(b8f823e2d5398c54fb75107fe37b740f) Importer(815301076,1909f56bfc062723c751e8b465ee728b)
Start importing Assets/Timelines/ClientTalkTimeline.playable using Guid(b8f823e2d5398c54fb75107fe37b740f) Importer(815301076,1909f56bfc062723c751e8b465ee728b)  -> (artifact id: '96a6837e517c91988fa5c3c6a8cd6013') in 0.020453 seconds 
  Import took 0.030126 seconds .

========================================================================
Received Import Request.
  Time since last request: 0.000470 seconds.
  path: Assets/Timelines/IdleTimeLine.playable
  artifactKey: Guid(2e77acfb8e18af6459a5528c86c84272) Importer(815301076,1909f56bfc062723c751e8b465ee728b)
Start importing Assets/Timelines/IdleTimeLine.playable using Guid(2e77acfb8e18af6459a5528c86c84272) Importer(815301076,1909f56bfc062723c751e8b465ee728b)  -> (artifact id: '6d214277c79bb302c20fc284d902931f') in 0.022620 seconds 
  Import took 0.033177 seconds .

========================================================================
Received Import Request.
  Time since last request: 0.000310 seconds.
  path: Assets/Timelines/Timeline1.playable
  artifactKey: Guid(0c8965f80a833de49be1bf8e4dc3da6a) Importer(815301076,1909f56bfc062723c751e8b465ee728b)
Start importing Assets/Timelines/Timeline1.playable using Guid(0c8965f80a833de49be1bf8e4dc3da6a) Importer(815301076,1909f56bfc062723c751e8b465ee728b)  -> (artifact id: '1b40a0baa9ffdd843b2c09632aa62a55') in 0.120630 seconds 
  Import took 0.132246 seconds .

========================================================================
Received Import Request.
  Time since last request: 0.000376 seconds.
  path: Assets/Timelines/StartTimeLine.playable
  artifactKey: Guid(c960ba1e5bf95ea4e86fdc8e91b92fca) Importer(815301076,1909f56bfc062723c751e8b465ee728b)
Start importing Assets/Timelines/StartTimeLine.playable using Guid(c960ba1e5bf95ea4e86fdc8e91b92fca) Importer(815301076,1909f56bfc062723c751e8b465ee728b)  -> (artifact id: '1b2cd6c227c9b3ba42af91ca4271e410') in 0.019107 seconds 
  Import took 0.030529 seconds .

========================================================================
Received Import Request.
  Time since last request: 0.001354 seconds.
  path: Assets/Timelines/ClientCameraTimeline.playable
  artifactKey: Guid(d58e7bbef46c10c4c8044ad10c523141) Importer(815301076,1909f56bfc062723c751e8b465ee728b)
Start importing Assets/Timelines/ClientCameraTimeline.playable using Guid(d58e7bbef46c10c4c8044ad10c523141) Importer(815301076,1909f56bfc062723c751e8b465ee728b)  -> (artifact id: 'f9c402a6b4f52a8a4e1402e651895524') in 0.026558 seconds 
  Import took 0.042055 seconds .

========================================================================
Received Import Request.
  Time since last request: 0.000354 seconds.
  path: Assets/Timelines/TimeLine2.playable
  artifactKey: Guid(d8b7844b99c02aa4da6116b4342f86fd) Importer(815301076,1909f56bfc062723c751e8b465ee728b)
Start importing Assets/Timelines/TimeLine2.playable using Guid(d8b7844b99c02aa4da6116b4342f86fd) Importer(815301076,1909f56bfc062723c751e8b465ee728b)  -> (artifact id: '15b2a6d6c069fbf94ad7bd36a9aad50c') in 0.018357 seconds 
  Import took 0.030690 seconds .

========================================================================
Received Prepare
Registering precompiled user dll's ...
Registered in 0.007300 seconds.
Begin MonoManager ReloadAssembly
Native extension for WindowsStandalone target not found
Native extension for WebGL target not found
Refreshing native plugins compatible for Editor in 0.67 ms, found 2 plugins.
Preloading 0 native plugins for Editor in 0.00 ms.
Mono: successfully reloaded assembly
- Completed reload, in  2.530 seconds
Domain Reload Profiling:
	ReloadAssembly (2531ms)
		BeginReloadAssembly (161ms)
			ExecutionOrderSort (0ms)
			DisableScriptedObjects (7ms)
			BackupInstance (0ms)
			ReleaseScriptingObjects (0ms)
			CreateAndSetChildDomain (51ms)
		EndReloadAssembly (2278ms)
			LoadAssemblies (134ms)
			RebuildTransferFunctionScriptingTraits (0ms)
			SetupTypeCache (402ms)
			ReleaseScriptCaches (2ms)
			RebuildScriptCaches (87ms)
			SetupLoadedEditorAssemblies (1512ms)
				LogAssemblyErrors (0ms)
				InitializePlatformSupportModulesInManaged (7ms)
				SetLoadedEditorAssemblies (1ms)
				RefreshPlugins (1ms)
				BeforeProcessingInitializeOnLoad (141ms)
				ProcessInitializeOnLoadAttributes (1336ms)
				ProcessInitializeOnLoadMethodAttributes (14ms)
				AfterProcessingInitializeOnLoad (12ms)
				EditorAssembliesLoaded (1ms)
			ExecutionOrderSort2 (0ms)
			AwakeInstancesAfterBackupRestoration (12ms)
Platform modules already initialized, skipping
Refreshing native plugins compatible for Editor in 0.97 ms, found 2 plugins.
Preloading 0 native plugins for Editor in 0.00 ms.
Unloading 2544 Unused Serialized files (Serialized files now loaded: 0)
System memory in use before: 123.5 MB.
System memory in use after: 122.1 MB.

Unloading 143 unused Assets to reduce memory usage. Loaded Objects now: 2993.
Total: 12.849800 ms (FindLiveObjects: 1.096600 ms CreateObjectMapping: 0.388100 ms MarkObjects: 7.708400 ms  DeleteObjects: 3.649500 ms)

AssetImportParameters requested are different than current active one (requested -> active):
  custom:framework-win-MediaFoundation: 216162199b28c13a410421893ffa2e32 -> 
  custom:video-decoder-ogg-theora: a1e56fd34408186e4bbccfd4996cb3dc -> 
  custom:container-muxer-webm: aa71ff27fc2769a1b78a27578f13a17b -> 
  custom:container-demuxer-webm: 4f35f7cbe854078d1ac9338744f61a02 -> 
  custom:container-demuxer-ogg: 62fdf1f143b41e24485cea50d1cbac27 -> 
  custom:video-encoder-webm-vp8: eb34c28f22e8b96e1ab97ce403110664 -> 
  custom:video-decoder-webm-vp8: 9c59270c3fd7afecdb556c50c9e8de78 -> 
  custom:audio-decoder-ogg-vorbis: bf7c407c2cedff20999df2af8eb42d56 -> 
  custom:audio-encoder-webm-vorbis: bf7c407c2cedff20999df2af8eb42d56 -> 
========================================================================
Received Import Request.
  Time since last request: 390.039731 seconds.
  path: Assets/Timelines/ClientCameraTimeline.playable
  artifactKey: Guid(d58e7bbef46c10c4c8044ad10c523141) Importer(815301076,1909f56bfc062723c751e8b465ee728b)
Start importing Assets/Timelines/ClientCameraTimeline.playable using Guid(d58e7bbef46c10c4c8044ad10c523141) Importer(815301076,1909f56bfc062723c751e8b465ee728b)  -> (artifact id: 'a9b8704944ac2aaf8463b6d11f9a2580') in 0.106549 seconds 
  Import took 0.118986 seconds .

========================================================================
Received Import Request.
  Time since last request: 0.000506 seconds.
  path: Assets/Timelines/Timeline_talkTimeline.playable
  artifactKey: Guid(6bd2f03affb3aa64f936a547e8b85371) Importer(815301076,1909f56bfc062723c751e8b465ee728b)
Start importing Assets/Timelines/Timeline_talkTimeline.playable using Guid(6bd2f03affb3aa64f936a547e8b85371) Importer(815301076,1909f56bfc062723c751e8b465ee728b)  -> (artifact id: '7b6b376872bd6d186f9cba8a444cf7bc') in 0.012424 seconds 
  Import took 0.021051 seconds .

========================================================================
Received Import Request.
  Time since last request: 0.000347 seconds.
  path: Assets/Timelines/DocCamTimeLine.playable
  artifactKey: Guid(ae6104832b972ab4897efac3c3b25b25) Importer(815301076,1909f56bfc062723c751e8b465ee728b)
Start importing Assets/Timelines/DocCamTimeLine.playable using Guid(ae6104832b972ab4897efac3c3b25b25) Importer(815301076,1909f56bfc062723c751e8b465ee728b)  -> (artifact id: '57af12a9cd5210ae63e40b01c3f14c64') in 0.038282 seconds 
  Import took 0.049438 seconds .

========================================================================
Received Import Request.
  Time since last request: 0.000411 seconds.
  path: Assets/Timelines/ClientTalkTimeline.playable
  artifactKey: Guid(b8f823e2d5398c54fb75107fe37b740f) Importer(815301076,1909f56bfc062723c751e8b465ee728b)
Start importing Assets/Timelines/ClientTalkTimeline.playable using Guid(b8f823e2d5398c54fb75107fe37b740f) Importer(815301076,1909f56bfc062723c751e8b465ee728b)  -> (artifact id: 'f9017f630b0dc1454cbe9354f9a24e4f') in 0.025247 seconds 
  Import took 0.041716 seconds .

========================================================================
Received Import Request.
  Time since last request: 0.000327 seconds.
  path: Assets/Timelines/IdleTimeLine.playable
  artifactKey: Guid(2e77acfb8e18af6459a5528c86c84272) Importer(815301076,1909f56bfc062723c751e8b465ee728b)
Start importing Assets/Timelines/IdleTimeLine.playable using Guid(2e77acfb8e18af6459a5528c86c84272) Importer(815301076,1909f56bfc062723c751e8b465ee728b)  -> (artifact id: '5cf5522e2fa234a449fb0f4f165ab889') in 0.017474 seconds 
  Import took 0.028923 seconds .

========================================================================
Received Import Request.
  Time since last request: 0.000324 seconds.
  path: Assets/Timelines/Timeline1.playable
  artifactKey: Guid(0c8965f80a833de49be1bf8e4dc3da6a) Importer(815301076,1909f56bfc062723c751e8b465ee728b)
Start importing Assets/Timelines/Timeline1.playable using Guid(0c8965f80a833de49be1bf8e4dc3da6a) Importer(815301076,1909f56bfc062723c751e8b465ee728b)  -> (artifact id: '102d36cde3fd4f9d23ef71dbe7e9f90e') in 0.229004 seconds 
  Import took 0.237687 seconds .

========================================================================
Received Import Request.
  Time since last request: 0.000383 seconds.
  path: Assets/Timelines/StartTimeLine.playable
  artifactKey: Guid(c960ba1e5bf95ea4e86fdc8e91b92fca) Importer(815301076,1909f56bfc062723c751e8b465ee728b)
Start importing Assets/Timelines/StartTimeLine.playable using Guid(c960ba1e5bf95ea4e86fdc8e91b92fca) Importer(815301076,1909f56bfc062723c751e8b465ee728b)  -> (artifact id: 'e7b4b82ef40bea5c2c9ee5fe36bb676d') in 0.018754 seconds 
  Import took 0.030524 seconds .

========================================================================
Received Import Request.
  Time since last request: 0.000357 seconds.
  path: Assets/Timelines/TimeLine2.playable
  artifactKey: Guid(d8b7844b99c02aa4da6116b4342f86fd) Importer(815301076,1909f56bfc062723c751e8b465ee728b)
Start importing Assets/Timelines/TimeLine2.playable using Guid(d8b7844b99c02aa4da6116b4342f86fd) Importer(815301076,1909f56bfc062723c751e8b465ee728b)  -> (artifact id: '1a79c9e2b5c1adf6a33987060eeb935a') in 0.046286 seconds 
  Import took 0.066999 seconds .

========================================================================
Received Import Request.
  Time since last request: 35.672024 seconds.
  path: Assets/animations/Ch21_nonPBR@Sitting Idle.fbx
  artifactKey: Guid(dcd4172aec788a047a051bc35dccc0a2) Importer(815301076,1909f56bfc062723c751e8b465ee728b)
Start importing Assets/animations/Ch21_nonPBR@Sitting Idle.fbx using Guid(dcd4172aec788a047a051bc35dccc0a2) Importer(815301076,1909f56bfc062723c751e8b465ee728b)  -> (artifact id: '9461d2e4deaefacc2749f2774b82eb17') in 0.048009 seconds 
  Import took 0.055278 seconds .

========================================================================
Received Import Request.
  Time since last request: 0.008547 seconds.
  path: Assets/animations/INplace Walk.fbx
  artifactKey: Guid(db0182812b51d3d449cc66605916c4a9) Importer(815301076,1909f56bfc062723c751e8b465ee728b)
Start importing Assets/animations/INplace Walk.fbx using Guid(db0182812b51d3d449cc66605916c4a9) Importer(815301076,1909f56bfc062723c751e8b465ee728b)  -> (artifact id: '4bfa4e6dfd667933c51ef430f61f01f5') in 0.021257 seconds 
  Import took 0.027978 seconds .

========================================================================
Received Import Request.
  Time since last request: 1.872559 seconds.
  path: Assets/animations/eric/doctor.fbx
  artifactKey: Guid(ef6607f29ef615a488980547bc06d954) Importer(815301076,1909f56bfc062723c751e8b465ee728b)
Start importing Assets/animations/eric/doctor.fbx using Guid(ef6607f29ef615a488980547bc06d954) Importer(815301076,1909f56bfc062723c751e8b465ee728b)  -> (artifact id: 'ca36ed009efe3a6db9d45463689b98a1') in 0.203339 seconds 
  Import took 0.210177 seconds .

