Using pre-set license
Built from '2020.3/staging' branch; Version is '2020.3.24f1 (79c78de19888) revision 7980941'; Using compiler version '192528614'; Build Type 'Release'
OS: 'Windows 10  (10.0.19042) 64bit Professional' Language: 'en' Physical Memory: 8122 MB
BatchMode: 1, IsHumanControllingUs: 0, StartBugReporterOnCrash: 0, Is64bit: 1, IsPro: 0

COMMAND LINE ARGUMENTS:
C:\Program Files\Unity\Hub\Editor\2020.3.24f1\Editor\Unity.exe
-adb2
-batchMode
-noUpm
-name
AssetImportWorker0
-projectPath
C:/Users/ayoub/Documents/GitHub/simulation3d/SimpactSimulation
-logFile
Logs/AssetImportWorker0.log
-srvPort
63848
Successfully changed project path to: C:/Users/ayoub/Documents/GitHub/simulation3d/SimpactSimulation
C:/Users/ayoub/Documents/GitHub/simulation3d/SimpactSimulation
Using Asset Import Pipeline V2.
Refreshing native plugins compatible for Editor in 80.52 ms, found 2 plugins.
Preloading 0 native plugins for Editor in 0.00 ms.
Initialize engine version: 2020.3.24f1 (79c78de19888)
[Subsystems] Discovering subsystems at path C:/Program Files/Unity/Hub/Editor/2020.3.24f1/Editor/Data/Resources/UnitySubsystems
[Subsystems] Discovering subsystems at path C:/Users/ayoub/Documents/GitHub/simulation3d/SimpactSimulation/Assets
GfxDevice: creating device client; threaded=0
Direct3D:
    Version:  Direct3D 11.0 [level 11.1]
    Renderer: Intel(R) HD Graphics 620 (ID=0x5916)
    Vendor:   
    VRAM:     4061 MB
    Driver:   27.20.100.9416
Initialize mono
Mono path[0] = 'C:/Program Files/Unity/Hub/Editor/2020.3.24f1/Editor/Data/Managed'
Mono path[1] = 'C:/Program Files/Unity/Hub/Editor/2020.3.24f1/Editor/Data/MonoBleedingEdge/lib/mono/unityjit'
Mono config path = 'C:/Program Files/Unity/Hub/Editor/2020.3.24f1/Editor/Data/MonoBleedingEdge/etc'
Using monoOptions --debugger-agent=transport=dt_socket,embedding=1,server=y,suspend=n,address=127.0.0.1:56072
Begin MonoManager ReloadAssembly
Registering precompiled unity dll's ...
Register platform support module: C:/Program Files/Unity/Hub/Editor/2020.3.24f1/Editor/Data/PlaybackEngines/WebGLSupport/UnityEditor.WebGL.Extensions.dll
Register platform support module: C:/Program Files/Unity/Hub/Editor/2020.3.24f1/Editor/Data/PlaybackEngines/WindowsStandaloneSupport/UnityEditor.WindowsStandalone.Extensions.dll
Registered in 0.003935 seconds.
Native extension for WindowsStandalone target not found
Native extension for WebGL target not found
Refreshing native plugins compatible for Editor in 75.19 ms, found 2 plugins.
Preloading 0 native plugins for Editor in 0.00 ms.
Mono: successfully reloaded assembly
- Completed reload, in  0.932 seconds
Domain Reload Profiling:
	ReloadAssembly (932ms)
		BeginReloadAssembly (80ms)
			ExecutionOrderSort (0ms)
			DisableScriptedObjects (0ms)
			BackupInstance (0ms)
			ReleaseScriptingObjects (0ms)
			CreateAndSetChildDomain (3ms)
		EndReloadAssembly (745ms)
			LoadAssemblies (75ms)
			RebuildTransferFunctionScriptingTraits (0ms)
			SetupTypeCache (238ms)
			ReleaseScriptCaches (0ms)
			RebuildScriptCaches (53ms)
			SetupLoadedEditorAssemblies (296ms)
				LogAssemblyErrors (0ms)
				InitializePlatformSupportModulesInManaged (8ms)
				SetLoadedEditorAssemblies (1ms)
				RefreshPlugins (75ms)
				BeforeProcessingInitializeOnLoad (32ms)
				ProcessInitializeOnLoadAttributes (130ms)
				ProcessInitializeOnLoadMethodAttributes (49ms)
				AfterProcessingInitializeOnLoad (0ms)
				EditorAssembliesLoaded (0ms)
			ExecutionOrderSort2 (0ms)
			AwakeInstancesAfterBackupRestoration (0ms)
Platform modules already initialized, skipping
Registering precompiled user dll's ...
Registered in 0.004949 seconds.
Begin MonoManager ReloadAssembly
Native extension for WindowsStandalone target not found
Native extension for WebGL target not found
Refreshing native plugins compatible for Editor in 0.60 ms, found 2 plugins.
Preloading 0 native plugins for Editor in 0.00 ms.
Mono: successfully reloaded assembly
- Completed reload, in  4.356 seconds
Domain Reload Profiling:
	ReloadAssembly (4358ms)
		BeginReloadAssembly (309ms)
			ExecutionOrderSort (0ms)
			DisableScriptedObjects (8ms)
			BackupInstance (0ms)
			ReleaseScriptingObjects (0ms)
			CreateAndSetChildDomain (89ms)
		EndReloadAssembly (3882ms)
			LoadAssemblies (266ms)
			RebuildTransferFunctionScriptingTraits (0ms)
			SetupTypeCache (509ms)
			ReleaseScriptCaches (1ms)
			RebuildScriptCaches (96ms)
			SetupLoadedEditorAssemblies (2871ms)
				LogAssemblyErrors (0ms)
				InitializePlatformSupportModulesInManaged (9ms)
				SetLoadedEditorAssemblies (1ms)
				RefreshPlugins (1ms)
				BeforeProcessingInitializeOnLoad (155ms)
				ProcessInitializeOnLoadAttributes (2681ms)
				ProcessInitializeOnLoadMethodAttributes (13ms)
				AfterProcessingInitializeOnLoad (10ms)
				EditorAssembliesLoaded (1ms)
			ExecutionOrderSort2 (0ms)
			AwakeInstancesAfterBackupRestoration (11ms)
Platform modules already initialized, skipping
========================================================================
Worker process is ready to serve import requests
Launched and connected shader compiler UnityShaderCompiler.exe after 0.28 seconds
Refreshing native plugins compatible for Editor in 2.68 ms, found 2 plugins.
Preloading 0 native plugins for Editor in 0.00 ms.
Unloading 2564 Unused Serialized files (Serialized files now loaded: 0)
System memory in use before: 125.1 MB.
System memory in use after: 123.3 MB.

Unloading 157 unused Assets to reduce memory usage. Loaded Objects now: 2982.
Total: 20.223100 ms (FindLiveObjects: 2.259900 ms CreateObjectMapping: 1.518700 ms MarkObjects: 11.685200 ms  DeleteObjects: 4.752500 ms)

AssetImportParameters requested are different than current active one (requested -> active):
  custom:framework-win-MediaFoundation: 216162199b28c13a410421893ffa2e32 -> 
  custom:video-decoder-ogg-theora: a1e56fd34408186e4bbccfd4996cb3dc -> 
  custom:container-muxer-webm: aa71ff27fc2769a1b78a27578f13a17b -> 
  custom:container-demuxer-webm: 4f35f7cbe854078d1ac9338744f61a02 -> 
  custom:container-demuxer-ogg: 62fdf1f143b41e24485cea50d1cbac27 -> 
  custom:video-encoder-webm-vp8: eb34c28f22e8b96e1ab97ce403110664 -> 
  custom:video-decoder-webm-vp8: 9c59270c3fd7afecdb556c50c9e8de78 -> 
  custom:audio-decoder-ogg-vorbis: bf7c407c2cedff20999df2af8eb42d56 -> 
  custom:audio-encoder-webm-vorbis: bf7c407c2cedff20999df2af8eb42d56 -> 
========================================================================
Received Import Request.
  path: Assets/animations/doctor/doctor.fbx
  artifactKey: Guid(0b69963f70dd13446b64b027b7a35832) Importer(815301076,1909f56bfc062723c751e8b465ee728b)
Start importing Assets/animations/doctor/doctor.fbx using Guid(0b69963f70dd13446b64b027b7a35832) Importer(815301076,1909f56bfc062723c751e8b465ee728b)  -> (artifact id: '80b35f3b0a8fc5800cae9bd5d636363f') in 0.442212 seconds 
  Import took 0.455122 seconds .

========================================================================
Received Import Request.
  Time since last request: 635.996078 seconds.
  path: Assets/RP_Character/rp_eric_rigged_001/Walking.fbx
  artifactKey: Guid(621312d3a07a5ab4d9f3d14f32e7a9b0) Importer(815301076,1909f56bfc062723c751e8b465ee728b)
Start importing Assets/RP_Character/rp_eric_rigged_001/Walking.fbx using Guid(621312d3a07a5ab4d9f3d14f32e7a9b0) Importer(815301076,1909f56bfc062723c751e8b465ee728b)  -> (artifact id: 'fd1c1b3f06847a23c42018a7b00d8d54') in 0.157910 seconds 
  Import took 0.169018 seconds .

========================================================================
Received Import Request.
  Time since last request: 5.714553 seconds.
  path: Assets/RP_Character/rp_eric_rigged_001/mixamo.com.anim
  artifactKey: Guid(4b4acc8f10969c341a4c094608005a26) Importer(815301076,1909f56bfc062723c751e8b465ee728b)
Start importing Assets/RP_Character/rp_eric_rigged_001/mixamo.com.anim using Guid(4b4acc8f10969c341a4c094608005a26) Importer(815301076,1909f56bfc062723c751e8b465ee728b)  -> (artifact id: 'ea71c650de3df8806688d6717e73e474') in 0.030054 seconds 
  Import took 0.037249 seconds .

========================================================================
Received Import Request.
  Time since last request: 9.141090 seconds.
  path: Assets/animations/carla/eric.controller
  artifactKey: Guid(4563a8bcbc2725f4f8403ede02b7b66c) Importer(815301076,1909f56bfc062723c751e8b465ee728b)
Start importing Assets/animations/carla/eric.controller using Guid(4563a8bcbc2725f4f8403ede02b7b66c) Importer(815301076,1909f56bfc062723c751e8b465ee728b)  -> (artifact id: '144351b445d191de427c1a9f97f1344e') in 0.023011 seconds 
  Import took 0.031292 seconds .

========================================================================
Received Import Request.
  Time since last request: 352.695938 seconds.
  path: Assets/RP_Character/rp_eric_rigged_001/Sitting Idle.fbx
  artifactKey: Guid(d9a53fc57adc2bb42bd85a3c14554657) Importer(815301076,1909f56bfc062723c751e8b465ee728b)
Start importing Assets/RP_Character/rp_eric_rigged_001/Sitting Idle.fbx using Guid(d9a53fc57adc2bb42bd85a3c14554657) Importer(815301076,1909f56bfc062723c751e8b465ee728b)  -> (artifact id: 'a4b3f542a3ce84dcb5870701a877d046') in 0.133746 seconds 
  Import took 0.156745 seconds .

========================================================================
Received Import Request.
  Time since last request: 5.109450 seconds.
  path: Assets/RP_Character/rp_eric_rigged_001/mixamo.com 1.anim
  artifactKey: Guid(4a5503d58c955554aba669415187f00a) Importer(815301076,1909f56bfc062723c751e8b465ee728b)
Start importing Assets/RP_Character/rp_eric_rigged_001/mixamo.com 1.anim using Guid(4a5503d58c955554aba669415187f00a) Importer(815301076,1909f56bfc062723c751e8b465ee728b)  -> (artifact id: '3e9a65dfbef333ced0643e20f17460b7') in 0.016316 seconds 
  Import took 0.025460 seconds .

========================================================================
Received Import Request.
  Time since last request: 172.221548 seconds.
  path: Assets/RP_Character/rp_eric_rigged_001/Shaking Hands 2.fbx
  artifactKey: Guid(0d0159e2ef523c64f9d3ff74fd1313f0) Importer(815301076,1909f56bfc062723c751e8b465ee728b)
Start importing Assets/RP_Character/rp_eric_rigged_001/Shaking Hands 2.fbx using Guid(0d0159e2ef523c64f9d3ff74fd1313f0) Importer(815301076,1909f56bfc062723c751e8b465ee728b)  -> (artifact id: 'fda0005474fa3aa3db9c773899252fd6') in 0.189467 seconds 
  Import took 0.207665 seconds .

========================================================================
Received Import Request.
  Time since last request: 10.130385 seconds.
  path: Assets/RP_Character/rp_eric_rigged_001/mixamo.com.anim
  artifactKey: Guid(4b4acc8f10969c341a4c094608005a26) Importer(815301076,1909f56bfc062723c751e8b465ee728b)
Start importing Assets/RP_Character/rp_eric_rigged_001/mixamo.com.anim using Guid(4b4acc8f10969c341a4c094608005a26) Importer(815301076,1909f56bfc062723c751e8b465ee728b)  -> (artifact id: 'd60eb80c8963b66f2c020dd7a0e62c9e') in 0.017023 seconds 
  Import took 0.028549 seconds .

========================================================================
Received Import Request.
  Time since last request: 89.030059 seconds.
  path: Assets/RP_Character/rp_eric_rigged_001/checkhands.anim
  artifactKey: Guid(4b4acc8f10969c341a4c094608005a26) Importer(815301076,1909f56bfc062723c751e8b465ee728b)
Start importing Assets/RP_Character/rp_eric_rigged_001/checkhands.anim using Guid(4b4acc8f10969c341a4c094608005a26) Importer(815301076,1909f56bfc062723c751e8b465ee728b)  -> (artifact id: 'fe90deb0dc6ae737705a35fd36700f3a') in 0.025448 seconds 
  Import took 0.032112 seconds .

========================================================================
Received Import Request.
  Time since last request: 20.250406 seconds.
  path: Assets/RP_Character/rp_eric_rigged_001/mixamo.com.anim
  artifactKey: Guid(d94288c093419b54a91d7fe1da7d2ad6) Importer(815301076,1909f56bfc062723c751e8b465ee728b)
Start importing Assets/RP_Character/rp_eric_rigged_001/mixamo.com.anim using Guid(d94288c093419b54a91d7fe1da7d2ad6) Importer(815301076,1909f56bfc062723c751e8b465ee728b)  -> (artifact id: '88e9ef58e6ca5b871374eec8ac861c3e') in 0.013572 seconds 
  Import took 0.023588 seconds .

========================================================================
Received Import Request.
  Time since last request: 15.800170 seconds.
  path: Assets/RP_Character/rp_eric_rigged_001/walking.anim
  artifactKey: Guid(d94288c093419b54a91d7fe1da7d2ad6) Importer(815301076,1909f56bfc062723c751e8b465ee728b)
Start importing Assets/RP_Character/rp_eric_rigged_001/walking.anim using Guid(d94288c093419b54a91d7fe1da7d2ad6) Importer(815301076,1909f56bfc062723c751e8b465ee728b)  -> (artifact id: '9a893d2594b7f1c4ace49dccccd7ea5d') in 0.020846 seconds 
  Import took 0.028414 seconds .

========================================================================
Received Import Request.
  Time since last request: 96.133628 seconds.
  path: Assets/RP_Character/rp_eric_rigged_001/Idle.fbx
  artifactKey: Guid(30869840df7b1634f9529a2fbca5daa8) Importer(815301076,1909f56bfc062723c751e8b465ee728b)
Start importing Assets/RP_Character/rp_eric_rigged_001/Idle.fbx using Guid(30869840df7b1634f9529a2fbca5daa8) Importer(815301076,1909f56bfc062723c751e8b465ee728b)  -> (artifact id: 'bdd505177f2399f1df4675681d789317') in 0.120545 seconds 
  Import took 0.139866 seconds .

========================================================================
Received Import Request.
  Time since last request: 4.451386 seconds.
  path: Assets/RP_Character/rp_eric_rigged_001/mixamo.com.anim
  artifactKey: Guid(4862c298ef5c95241b72f522a96d0e8c) Importer(815301076,1909f56bfc062723c751e8b465ee728b)
Start importing Assets/RP_Character/rp_eric_rigged_001/mixamo.com.anim using Guid(4862c298ef5c95241b72f522a96d0e8c) Importer(815301076,1909f56bfc062723c751e8b465ee728b)  -> (artifact id: '5586622bd732cdcd2e02b2ccd5ae06db') in 0.012566 seconds 
  Import took 0.022363 seconds .

========================================================================
Received Import Request.
  Time since last request: 13.355902 seconds.
  path: Assets/RP_Character/rp_eric_rigged_001/idle.anim
  artifactKey: Guid(4862c298ef5c95241b72f522a96d0e8c) Importer(815301076,1909f56bfc062723c751e8b465ee728b)
Start importing Assets/RP_Character/rp_eric_rigged_001/idle.anim using Guid(4862c298ef5c95241b72f522a96d0e8c) Importer(815301076,1909f56bfc062723c751e8b465ee728b)  -> (artifact id: '30af320b07ba0abdd0de881c3d789411') in 0.017254 seconds 
  Import took 0.024649 seconds .

========================================================================
Received Import Request.
  Time since last request: 3543.866820 seconds.
  path: Assets/animations/carla/shaking hands.anim
  artifactKey: Guid(67b3c4b63d6722e4dbbdf039fad38b9a) Importer(815301076,1909f56bfc062723c751e8b465ee728b)
Start importing Assets/animations/carla/shaking hands.anim using Guid(67b3c4b63d6722e4dbbdf039fad38b9a) Importer(815301076,1909f56bfc062723c751e8b465ee728b)  -> (artifact id: '4c69b9aa30319d533f9adae340ef519f') in 0.107099 seconds 
  Import took 0.128188 seconds .

========================================================================
Received Import Request.
  Time since last request: 38.255646 seconds.
  path: Assets/RP_Character/rp_eric_rigged_001/walking.anim
  artifactKey: Guid(d94288c093419b54a91d7fe1da7d2ad6) Importer(815301076,1909f56bfc062723c751e8b465ee728b)
Start importing Assets/RP_Character/rp_eric_rigged_001/walking.anim using Guid(d94288c093419b54a91d7fe1da7d2ad6) Importer(815301076,1909f56bfc062723c751e8b465ee728b)  -> (artifact id: '4b1001bb87075f99c6ed314af2881f42') in 0.073833 seconds 
  Import took 0.090588 seconds .

========================================================================
Received Prepare
Registering precompiled user dll's ...
Registered in 0.005247 seconds.
Begin MonoManager ReloadAssembly
Native extension for WindowsStandalone target not found
Native extension for WebGL target not found
Refreshing native plugins compatible for Editor in 0.72 ms, found 2 plugins.
Preloading 0 native plugins for Editor in 0.00 ms.
Mono: successfully reloaded assembly
- Completed reload, in  4.354 seconds
Domain Reload Profiling:
	ReloadAssembly (4357ms)
		BeginReloadAssembly (461ms)
			ExecutionOrderSort (0ms)
			DisableScriptedObjects (19ms)
			BackupInstance (0ms)
			ReleaseScriptingObjects (0ms)
			CreateAndSetChildDomain (243ms)
		EndReloadAssembly (3786ms)
			LoadAssemblies (181ms)
			RebuildTransferFunctionScriptingTraits (0ms)
			SetupTypeCache (650ms)
			ReleaseScriptCaches (3ms)
			RebuildScriptCaches (146ms)
			SetupLoadedEditorAssemblies (2583ms)
				LogAssemblyErrors (0ms)
				InitializePlatformSupportModulesInManaged (12ms)
				SetLoadedEditorAssemblies (1ms)
				RefreshPlugins (1ms)
				BeforeProcessingInitializeOnLoad (190ms)
				ProcessInitializeOnLoadAttributes (2353ms)
				ProcessInitializeOnLoadMethodAttributes (14ms)
				AfterProcessingInitializeOnLoad (10ms)
				EditorAssembliesLoaded (1ms)
			ExecutionOrderSort2 (0ms)
			AwakeInstancesAfterBackupRestoration (19ms)
Platform modules already initialized, skipping
Refreshing native plugins compatible for Editor in 1.30 ms, found 2 plugins.
Preloading 0 native plugins for Editor in 0.00 ms.
Unloading 2552 Unused Serialized files (Serialized files now loaded: 0)
System memory in use before: 127.7 MB.
System memory in use after: 125.9 MB.

Unloading 152 unused Assets to reduce memory usage. Loaded Objects now: 2995.
Total: 27.098600 ms (FindLiveObjects: 0.903300 ms CreateObjectMapping: 0.454100 ms MarkObjects: 17.586000 ms  DeleteObjects: 8.150400 ms)

AssetImportParameters requested are different than current active one (requested -> active):
  custom:framework-win-MediaFoundation: 216162199b28c13a410421893ffa2e32 -> 
  custom:video-decoder-ogg-theora: a1e56fd34408186e4bbccfd4996cb3dc -> 
  custom:container-muxer-webm: aa71ff27fc2769a1b78a27578f13a17b -> 
  custom:container-demuxer-webm: 4f35f7cbe854078d1ac9338744f61a02 -> 
  custom:container-demuxer-ogg: 62fdf1f143b41e24485cea50d1cbac27 -> 
  custom:video-encoder-webm-vp8: eb34c28f22e8b96e1ab97ce403110664 -> 
  custom:video-decoder-webm-vp8: 9c59270c3fd7afecdb556c50c9e8de78 -> 
  custom:audio-decoder-ogg-vorbis: bf7c407c2cedff20999df2af8eb42d56 -> 
  custom:audio-encoder-webm-vorbis: bf7c407c2cedff20999df2af8eb42d56 -> 
========================================================================
Received Import Request.
  Time since last request: 1394.612914 seconds.
  path: Assets/animations/carala2.controller
  artifactKey: Guid(8514bdf3b6b12ca47b08456c72e4157f) Importer(815301076,1909f56bfc062723c751e8b465ee728b)
Start importing Assets/animations/carala2.controller using Guid(8514bdf3b6b12ca47b08456c72e4157f) Importer(815301076,1909f56bfc062723c751e8b465ee728b)  -> (artifact id: 'd4fe6b58ee5d9415b34b9870015b63cd') in 0.022486 seconds 
  Import took 0.030901 seconds .

========================================================================
Received Prepare
Registering precompiled user dll's ...
Registered in 0.005148 seconds.
Begin MonoManager ReloadAssembly
Native extension for WindowsStandalone target not found
Native extension for WebGL target not found
Refreshing native plugins compatible for Editor in 0.66 ms, found 2 plugins.
Preloading 0 native plugins for Editor in 0.00 ms.
Mono: successfully reloaded assembly
- Completed reload, in  3.084 seconds
Domain Reload Profiling:
	ReloadAssembly (3084ms)
		BeginReloadAssembly (350ms)
			ExecutionOrderSort (0ms)
			DisableScriptedObjects (7ms)
			BackupInstance (0ms)
			ReleaseScriptingObjects (0ms)
			CreateAndSetChildDomain (137ms)
		EndReloadAssembly (2536ms)
			LoadAssemblies (320ms)
			RebuildTransferFunctionScriptingTraits (0ms)
			SetupTypeCache (784ms)
			ReleaseScriptCaches (4ms)
			RebuildScriptCaches (173ms)
			SetupLoadedEditorAssemblies (1141ms)
				LogAssemblyErrors (0ms)
				InitializePlatformSupportModulesInManaged (8ms)
				SetLoadedEditorAssemblies (1ms)
				RefreshPlugins (1ms)
				BeforeProcessingInitializeOnLoad (154ms)
				ProcessInitializeOnLoadAttributes (949ms)
				ProcessInitializeOnLoadMethodAttributes (15ms)
				AfterProcessingInitializeOnLoad (13ms)
				EditorAssembliesLoaded (1ms)
			ExecutionOrderSort2 (0ms)
			AwakeInstancesAfterBackupRestoration (10ms)
Platform modules already initialized, skipping
Refreshing native plugins compatible for Editor in 0.80 ms, found 2 plugins.
Preloading 0 native plugins for Editor in 0.00 ms.
Unloading 2551 Unused Serialized files (Serialized files now loaded: 0)
System memory in use before: 127.7 MB.
System memory in use after: 126.0 MB.

Unloading 151 unused Assets to reduce memory usage. Loaded Objects now: 2997.
Total: 7.453800 ms (FindLiveObjects: 0.432900 ms CreateObjectMapping: 0.256400 ms MarkObjects: 5.078100 ms  DeleteObjects: 1.685000 ms)

AssetImportParameters requested are different than current active one (requested -> active):
  custom:framework-win-MediaFoundation: 216162199b28c13a410421893ffa2e32 -> 
  custom:video-decoder-ogg-theora: a1e56fd34408186e4bbccfd4996cb3dc -> 
  custom:container-muxer-webm: aa71ff27fc2769a1b78a27578f13a17b -> 
  custom:container-demuxer-webm: 4f35f7cbe854078d1ac9338744f61a02 -> 
  custom:container-demuxer-ogg: 62fdf1f143b41e24485cea50d1cbac27 -> 
  custom:video-encoder-webm-vp8: eb34c28f22e8b96e1ab97ce403110664 -> 
  custom:video-decoder-webm-vp8: 9c59270c3fd7afecdb556c50c9e8de78 -> 
  custom:audio-decoder-ogg-vorbis: bf7c407c2cedff20999df2af8eb42d56 -> 
  custom:audio-encoder-webm-vorbis: bf7c407c2cedff20999df2af8eb42d56 -> 
========================================================================
Received Prepare
Registering precompiled user dll's ...
Registered in 0.004890 seconds.
Begin MonoManager ReloadAssembly
Native extension for WindowsStandalone target not found
Native extension for WebGL target not found
Refreshing native plugins compatible for Editor in 0.62 ms, found 2 plugins.
Preloading 0 native plugins for Editor in 0.00 ms.
Mono: successfully reloaded assembly
- Completed reload, in  2.124 seconds
Domain Reload Profiling:
	ReloadAssembly (2124ms)
		BeginReloadAssembly (249ms)
			ExecutionOrderSort (0ms)
			DisableScriptedObjects (10ms)
			BackupInstance (0ms)
			ReleaseScriptingObjects (0ms)
			CreateAndSetChildDomain (79ms)
		EndReloadAssembly (1743ms)
			LoadAssemblies (176ms)
			RebuildTransferFunctionScriptingTraits (0ms)
			SetupTypeCache (371ms)
			ReleaseScriptCaches (2ms)
			RebuildScriptCaches (83ms)
			SetupLoadedEditorAssemblies (1023ms)
				LogAssemblyErrors (0ms)
				InitializePlatformSupportModulesInManaged (8ms)
				SetLoadedEditorAssemblies (1ms)
				RefreshPlugins (1ms)
				BeforeProcessingInitializeOnLoad (148ms)
				ProcessInitializeOnLoadAttributes (840ms)
				ProcessInitializeOnLoadMethodAttributes (13ms)
				AfterProcessingInitializeOnLoad (11ms)
				EditorAssembliesLoaded (1ms)
			ExecutionOrderSort2 (0ms)
			AwakeInstancesAfterBackupRestoration (8ms)
Platform modules already initialized, skipping
Refreshing native plugins compatible for Editor in 0.66 ms, found 2 plugins.
Preloading 0 native plugins for Editor in 0.00 ms.
Unloading 2551 Unused Serialized files (Serialized files now loaded: 0)
System memory in use before: 127.7 MB.
System memory in use after: 126.0 MB.

Unloading 151 unused Assets to reduce memory usage. Loaded Objects now: 2999.
Total: 6.129600 ms (FindLiveObjects: 0.307700 ms CreateObjectMapping: 0.210100 ms MarkObjects: 3.936700 ms  DeleteObjects: 1.672800 ms)

AssetImportParameters requested are different than current active one (requested -> active):
  custom:framework-win-MediaFoundation: 216162199b28c13a410421893ffa2e32 -> 
  custom:video-decoder-ogg-theora: a1e56fd34408186e4bbccfd4996cb3dc -> 
  custom:container-muxer-webm: aa71ff27fc2769a1b78a27578f13a17b -> 
  custom:container-demuxer-webm: 4f35f7cbe854078d1ac9338744f61a02 -> 
  custom:container-demuxer-ogg: 62fdf1f143b41e24485cea50d1cbac27 -> 
  custom:video-encoder-webm-vp8: eb34c28f22e8b96e1ab97ce403110664 -> 
  custom:video-decoder-webm-vp8: 9c59270c3fd7afecdb556c50c9e8de78 -> 
  custom:audio-decoder-ogg-vorbis: bf7c407c2cedff20999df2af8eb42d56 -> 
  custom:audio-encoder-webm-vorbis: bf7c407c2cedff20999df2af8eb42d56 -> 
AssetImportWorkerClient::OnTransportError - code=2 error=End of file
